<?xml version="1.0" encoding="UTF-8"?>
<!-- Generated by org.testng.reporters.JUnitReportReporter -->
<testsuite hostname="Pcasa" failures="0" tests="1" name="edit.CeducacionIT05092022.laboratorio7" time="13.982" errors="0" timestamp="2022-09-26T18:37:00 ART" skipped="0">
  <testcase classname="edit.CeducacionIT05092022.laboratorio7" name="irAContacUsConArchivosDiferentes" time="13.982"/>
  <system-out/>
</testsuite> <!-- edit.CeducacionIT05092022.laboratorio7 -->
