<?xml version="1.0" encoding="UTF-8"?>
<!-- Generated by org.testng.reporters.JUnitReportReporter -->
<testsuite hostname="Pcasa" failures="0" tests="1" name="edit.CeducacionIT05092022.laboratorio9" time="4.093" errors="0" timestamp="2022-10-03T17:17:39 ART" skipped="0">
  <testcase classname="edit.CeducacionIT05092022.laboratorio9" name="login" time="4.093"/>
  <system-out/>
</testsuite> <!-- edit.CeducacionIT05092022.laboratorio9 -->
