<?xml version="1.0" encoding="UTF-8"?>
<!-- Generated by org.testng.reporters.JUnitReportReporter -->
<testsuite hostname="Pcasa" failures="0" tests="1" name="edit.CeducacionIT05092022.laboratorio3" time="24.346" errors="0" timestamp="2022-10-03T17:17:01 ART" skipped="0">
  <testcase classname="edit.CeducacionIT05092022.laboratorio3" name="registrarUsuario" time="24.346"/>
  <system-out/>
</testsuite> <!-- edit.CeducacionIT05092022.laboratorio3 -->
