<?xml version="1.0" encoding="UTF-8"?>
<!-- Generated by org.testng.reporters.JUnitReportReporter -->
<testsuite hostname="Pcasa" failures="0" tests="1" name="edit.CeducacionIT05092022.laboratorio16" time="0.003" errors="0" timestamp="2022-10-17T18:16:02 ART" skipped="0">
  <testcase classname="edit.CeducacionIT05092022.laboratorio16" name="test" time="0.003"/>
  <system-out/>
</testsuite> <!-- edit.CeducacionIT05092022.laboratorio16 -->
