<?xml version="1.0" encoding="UTF-8"?>
<!-- Generated by org.testng.reporters.JUnitReportReporter -->
<testsuite hostname="Pcasa" failures="0" tests="1" name="edit.CeducacionIT05092022.lab_mod2Desafio" time="10.926" errors="0" timestamp="2022-10-17T17:21:31 ART" skipped="0">
  <testcase classname="edit.CeducacionIT05092022.lab_mod2Desafio" name="login" time="10.926"/>
  <system-out/>
</testsuite> <!-- edit.CeducacionIT05092022.lab_mod2Desafio -->
