<?xml version="1.0" encoding="UTF-8"?>
<!-- Generated by org.testng.reporters.JUnitReportReporter -->
<testsuite hostname="Pcasa" failures="0" tests="1" name="edit.CeducacionIT05092022.laboratorio15" time="0.106" errors="0" timestamp="2022-10-17T17:54:05 ART" skipped="0">
  <testcase classname="edit.CeducacionIT05092022.laboratorio15" name="login" time="0.106"/>
  <system-out/>
</testsuite> <!-- edit.CeducacionIT05092022.laboratorio15 -->
