<?xml version="1.0" encoding="UTF-8"?>
<!-- Generated by org.testng.reporters.JUnitReportReporter -->
<testsuite hostname="Pcasa" failures="0" tests="1" name="edit.CeducacionIT05092022.laboratorio14" time="0.370" errors="0" timestamp="2022-10-17T17:03:55 ART" skipped="0">
  <testcase classname="edit.CeducacionIT05092022.laboratorio14" name="testBaseDeDatos" time="0.370"/>
  <system-out/>
</testsuite> <!-- edit.CeducacionIT05092022.laboratorio14 -->
