<?xml version="1.0" encoding="UTF-8"?>
<!-- Generated by org.testng.reporters.JUnitReportReporter -->
<testsuite hostname="Pcasa" failures="0" tests="1" name="edit.CeducacionIT05092022.laboratorio11" time="0.096" errors="0" timestamp="2022-10-03T18:24:04 ART" skipped="0">
  <testcase classname="edit.CeducacionIT05092022.laboratorio11" name="alert4" time="0.096"/>
  <system-out/>
</testsuite> <!-- edit.CeducacionIT05092022.laboratorio11 -->
