<?xml version="1.0" encoding="UTF-8"?>
<!-- Generated by org.testng.reporters.JUnitReportReporter -->
<testsuite hostname="Pcasa" failures="0" tests="1" name="edit.CeducacionIT05092022.laboratorio6" time="4.414" errors="0" timestamp="2022-09-26T17:11:45 ART" skipped="0">
  <testcase classname="edit.CeducacionIT05092022.laboratorio6" name="buscarPalabra" time="4.414"/>
  <system-out/>
</testsuite> <!-- edit.CeducacionIT05092022.laboratorio6 -->
