<?xml version="1.0" encoding="UTF-8"?>
<!-- Generated by org.testng.reporters.JUnitReportReporter -->
<testsuite hostname="Pcasa" failures="0" tests="1" name="edit.CeducacionIT05092022.laboratorio10" time="15.976" errors="0" timestamp="2022-10-03T17:37:16 ART" skipped="0">
  <testcase classname="edit.CeducacionIT05092022.laboratorio10" name="login" time="15.976"/>
  <system-out/>
</testsuite> <!-- edit.CeducacionIT05092022.laboratorio10 -->
